correcteurogues - INFO - EDIFICE_NON_STANDARD notre-dame-de-l'Annonciation [co-cathédrale]
correcteurogues - INFO - NOM_EDIFICE_NON_STANDARD notre-dame-de-l'Annonciation [co-cathédrale]
correcteurogues - INFO - NOM_EDIFICE_NON_STANDARD notre-dame-de-l'Annonciation [co-cathédrale]
correcteurogues - INFO - NOM_EDIFICE_NON_STANDARD notre-dame-de-l'Annonciation [co-cathédrale]
correcteurogues - INFO - NOM_EDIFICE_NON_STANDARD notre-dame-de-l'Assomption [église]
correcteurogues - INFO - NOM_EDIFICE_NON_STANDARD notre-dame-de-l'Annonciation [co-cathédrale]
correcteurogues - INFO - NOM_EDIFICE_NON_STANDARD notre-dame-de-l'Assomption [église]
correcteurogues - INFO - NOM_EDIFICE_NON_STANDARD notre-dame-de-l'Annonciation [co-cathédrale]
correcteurogues - INFO - NOM_EDIFICE_NON_STANDARD notre-dame-de-l'Assomption [église]
correcteurogues - INFO - NOM_EDIFICE_NON_STANDARD notre-dame-de-l'Annonciation [co-cathédrale]
correcteurogues - INFO - NOM_EDIFICE_NON_STANDARD notre-dame-de-l'Assomption [église]
correcteurogues - INFO - NOM_EDIFICE_NON_STANDARD notre-dame-de-l'Annonciation [co-cathédrale]
correcteurogues - INFO - NOM_EDIFICE_NON_STANDARD notre-dame-de-l'Assomption [église]
correcteurogues - INFO - NOM_EDIFICE_NON_STANDARD notre-dame-de-l'Annonciation [co-cathédrale]
correcteurogues - INFO - NOM_EDIFICE_NON_STANDARD notre-dame-de-l'Assomption [église]
correcteurogues - INFO - NOM_EDIFICE_NON_STANDARD notre-dame-de-l'Annonciation [co-cathédrale]
correcteurogues - INFO - NOM_EDIFICE_NON_STANDARD notre-dame-de-l'Assomption [église]
correcteurogues - INFO - NOM_EDIFICE_NON_STANDARD notre-dame-de-l'Annonciation [co-cathédrale]
correcteurogues - INFO - NOM_EDIFICE_NON_STANDARD notre-dame-de-l'Assomption [église]
correcteurogues - INFO - NOM_EDIFICE_NON_STANDARD notre-dame-de-l'Annonciation [co-cathédrale]
correcteurogues - INFO - NOM_EDIFICE_NON_STANDARD notre-dame-de-l'Assomption [église]
correcteurogues - INFO - NOM_EDIFICE_NON_STANDARD notre-dame-de-l'Annonciation [co-cathédrale]
correcteurogues - INFO - NOM_EDIFICE_NON_STANDARD notre-dame-de-l'Assomption [église]
correcteurogues - INFO - NOM_EDIFICE_NON_STANDARD notre-dame-de-l'Annonciation [co-cathédrale]
correcteurogues - INFO - NOM_EDIFICE_NON_STANDARD notre-dame-de-l'Assomption [église]
correcteurogues - INFO - NOM_EDIFICE_NON_STANDARD notre-dame-de-l'Annonciation [co-cathédrale]
correcteurogues - INFO - NOM_EDIFICE_NON_STANDARD notre-dame-de-l'Assomption [église]
correcteurogues - INFO - NOM_EDIFICE_NON_STANDARD notre-dame-de-l'Annonciation [co-cathédrale]
correcteurogues - INFO - NOM_EDIFICE_NON_STANDARD notre-dame-de-l'Assomption [église]
correcteurogues - INFO - NOM_EDIFICE_NON_STANDARD notre-dame-de-l'Annonciation [co-cathédrale]
correcteurogues - INFO - NOM_EDIFICE_NON_STANDARD notre-dame-de-l'Assomption [église]
correcteurogues - INFO - NOM_EDIFICE_NON_STANDARD notre-dame-de-l'Annonciation [co-cathédrale]
correcteurogues - INFO - NOM_EDIFICE_NON_STANDARD notre-dame-de-l'Assomption [église]
correcteurogues - INFO - NOM_EDIFICE_NON_STANDARD notre-dame-de-l'Annonciation [co-cathédrale]
correcteurogues - INFO - NOM_EDIFICE_NON_STANDARD notre-dame-de-l'Assomption [église]
correcteurogues - INFO - NOM_EDIFICE_NON_STANDARD notre-dame-de-l'Annonciation [co-cathédrale]
correcteurogues - INFO - NOM_EDIFICE_NON_STANDARD notre-dame-de-l'Assomption [église]
correcteurogues - INFO - NOM_EDIFICE_NON_STANDARD notre-dame-de-l'Annonciation [co-cathédrale]
correcteurogues - INFO - NOM_EDIFICE_NON_STANDARD notre-dame-de-l'Assomption [église]
correcteurogues - INFO - NOM_EDIFICE_NON_STANDARD église Saint-Amour & Saint-Victor
correcteurogues - INFO - NOM_EDIFICE_NON_STANDARD notre-dame-de-l'Annonciation [co-cathédrale]
correcteurogues - INFO - NOM_EDIFICE_NON_STANDARD notre-dame-de-l'Assomption [église]
correcteurogues - INFO - NOM_EDIFICE_NON_STANDARD notre-dame-de-l'Annonciation [co-cathédrale]
correcteurogues - INFO - NOM_EDIFICE_NON_STANDARD notre-dame-de-l'Assomption [église]
correcteurogues - INFO - NOM_EDIFICE_NON_STANDARD notre-dame-de-l'Annonciation [co-cathédrale]
correcteurogues - INFO - NOM_EDIFICE_NON_STANDARD notre-dame-de-l'Assomption [église]
correcteurogues - INFO - NOM_EDIFICE_NON_STANDARD notre-dame-de-l'Annonciation [co-cathédrale]
correcteurogues - INFO - NOM_EDIFICE_NON_STANDARD notre-dame-de-l'Assomption [église]
correcteurogues - INFO - NOM_EDIFICE_NON_STANDARD notre-dame-de-l'Annonciation [co-cathédrale]
correcteurogues - INFO - NOM_EDIFICE_NON_STANDARD notre-dame-de-l'Assomption [église]
correcteurogues - INFO - NOM_EDIFICE_NON_STANDARD notre-dame-de-l'Annonciation [co-cathédrale]
correcteurogues - INFO - NOM_EDIFICE_NON_STANDARD notre-dame-de-l'Assomption [église]
correcteurogues - INFO - NOM_EDIFICE_NON_STANDARD notre-dame-de-l'Annonciation [co-cathédrale]
correcteurogues - INFO - NOM_EDIFICE_NON_STANDARD notre-dame-de-l'Assomption [église]
correcteurogues - INFO - NOM_EDIFICE_NON_STANDARD notre-dame-de-l'Annonciation [co-cathédrale]
correcteurogues - INFO - NOM_EDIFICE_NON_STANDARD notre-dame-de-l'Assomption [église]
correcteurogues - INFO - NOM_EDIFICE_NON_STANDARD notre-dame-de-l'Annonciation [co-cathédrale]
correcteurogues - INFO - NOM_EDIFICE_NON_STANDARD notre-dame-de-l'Assomption [église]
correcteurogues - INFO - NOM_EDIFICE_NON_STANDARD notre-dame-de-l'Annonciation [co-cathédrale]
correcteurogues - INFO - NOM_EDIFICE_NON_STANDARD notre-dame-de-l'Assomption [église]
correcteurogues - INFO - NOM_EDIFICE_NON_STANDARD notre-dame-de-l'Annonciation [co-cathédrale]
correcteurogues - INFO - NOM_EDIFICE_NON_STANDARD notre-dame-de-l'Assomption [église]
correcteurogues - INFO - NOM_EDIFICE_NON_STANDARD notre-dame-de-l'Annonciation [co-cathédrale]
correcteurogues - INFO - NOM_EDIFICE_NON_STANDARD notre-dame-de-l'Assomption [église]
correcteurogues - INFO - NOM_EDIFICE_NON_STANDARD notre-dame-de-l'Annonciation [co-cathédrale]
correcteurogues - INFO - NOM_EDIFICE_NON_STANDARD notre-dame-de-l'Assomption [église]
correcteurogues - INFO - NOM_EDIFICE_NON_STANDARD notre-dame-de-l'Annonciation [co-cathédrale]
correcteurogues - INFO - NOM_EDIFICE_NON_STANDARD notre-dame-de-l'Assomption [église]
correcteurogues - INFO - NOM_EDIFICE_NON_STANDARD notre-dame-de-l'Annonciation [co-cathédrale]
correcteurogues - INFO - NOM_EDIFICE_NON_STANDARD notre-dame-de-l'Assomption [église]
codification - ERROR - Nom d'édifice avec plusieurs saints non géré : Saint-Amour & Saint-Victor
codification - CRITICAL - Echec de la codification de l'édifice : Institution Lamartine
codification - CRITICAL - Echec de la codification de l'édifice : Institution Lamartine
codification - CRITICAL - Echec de la codification de l'édifice : école de musique
codification - CRITICAL - Echec de la codification de l'édifice : Institution Lamartine
codification - CRITICAL - Echec de la codification de l'édifice : Monneaux
codification - CRITICAL - Echec de la codification de l'édifice : Institution Lamartine
